C51 COMPILER V9.52.0.0   DELAY                                                             05/11/2026 15:49:25 PAGE 1   


C51 COMPILER V9.52.0.0, COMPILATION OF MODULE DELAY
OBJECT MODULE PLACED IN .\Objects\delay.obj
COMPILER INVOKED BY: D:\51_KELIVdanpianji\C51\BIN\C51.EXE lib\delay.c BROWSE INCDIR(.\lib;.\IIC;.\OLED) DEBUG OBJECTEXTE
                    -ND PRINT(.\Listings\delay.lst) TABS(2) OBJECT(.\Objects\delay.obj)

line level    source

   1          #include <delay.h>
   2          #include <intrins.h>
   3          #include <main.h>
   4          
   5          void Delay_xms(uint xms)  //@11.0592MHz
   6          {
   7   1        uchar data i, j;
   8   1        while(xms){
   9   2        _nop_();
  10   2        i = 2;
  11   2        j = 199;
  12   2        do
  13   2        {
  14   3          while (--j);
  15   3        } while (--i);  
  16   2        xms--;
  17   2        }
  18   1        
  19   1      }
  20          
  21          void Delay5us(void) //@11.0592MHz
  22          {
  23   1      }


MODULE INFORMATION:   STATIC OVERLAYABLE
   CODE SIZE        =     22    ----
   CONSTANT SIZE    =   ----    ----
   XDATA SIZE       =   ----    ----
   PDATA SIZE       =   ----    ----
   DATA SIZE        =   ----    ----
   IDATA SIZE       =   ----    ----
   BIT SIZE         =   ----    ----
END OF MODULE INFORMATION.


C51 COMPILATION COMPLETE.  0 WARNING(S),  0 ERROR(S)
