C51 COMPILER V9.52.0.0   IIC                                                               05/11/2026 15:49:25 PAGE 1   


C51 COMPILER V9.52.0.0, COMPILATION OF MODULE IIC
OBJECT MODULE PLACED IN .\Objects\IIC.obj
COMPILER INVOKED BY: D:\51_KELIVdanpianji\C51\BIN\C51.EXE IIC\IIC.c BROWSE INCDIR(.\lib;.\IIC;.\OLED) DEBUG OBJECTEXTEND
                    - PRINT(.\Listings\IIC.lst) TABS(2) OBJECT(.\Objects\IIC.obj)

line level    source

   1          #include <IIC.h>
   2          #include <main.h>
   3          #include <delay.h>
   4          
   5          void IIC_Start()
   6          {
   7   1        IIC_SCL=1;
   8   1        IIC_SDA=1;
   9   1        Delay5us();
  10   1        IIC_SDA=0;
  11   1        Delay5us();
  12   1        IIC_SCL=0;
  13   1      }
  14          
  15          void IIC_Stop()
  16          {
  17   1        IIC_SCL=1;
  18   1        IIC_SDA=0;
  19   1        Delay5us();
  20   1        IIC_SDA=1;
  21   1      }
  22          
  23          void IIC_Send_byte(unsigned char IIC_byte)
  24          {
  25   1        char i;
  26   1        for(i=0;i<8;i++)
  27   1        {
  28   2          IIC_SDA=IIC_byte&(0x80>>i);
  29   2          IIC_SCL=1;
  30   2          Delay5us();
  31   2          IIC_SCL=0;
  32   2          Delay5us();
  33   2        }
  34   1      }
  35          
  36          unsigned char IIC_Recv_ACK()
  37          {
  38   1        unsigned char ack;
  39   1        IIC_SDA=1;
  40   1        IIC_SCL=1;
  41   1        Delay5us();
  42   1        ack=IIC_SDA;
  43   1        IIC_SCL=0;
  44   1        Delay5us();
  45   1        
  46   1        return ack;
  47   1      }


MODULE INFORMATION:   STATIC OVERLAYABLE
   CODE SIZE        =     98    ----
   CONSTANT SIZE    =   ----    ----
   XDATA SIZE       =   ----    ----
   PDATA SIZE       =   ----    ----
C51 COMPILER V9.52.0.0   IIC                                                               05/11/2026 15:49:25 PAGE 2   

   DATA SIZE        =   ----       3
   IDATA SIZE       =   ----    ----
   BIT SIZE         =   ----    ----
END OF MODULE INFORMATION.


C51 COMPILATION COMPLETE.  0 WARNING(S),  0 ERROR(S)
