C51 COMPILER V9.52.0.0   MAIN                                                              05/11/2026 15:49:25 PAGE 1   


C51 COMPILER V9.52.0.0, COMPILATION OF MODULE MAIN
OBJECT MODULE PLACED IN .\Objects\main.obj
COMPILER INVOKED BY: D:\51_KELIVdanpianji\C51\BIN\C51.EXE main.c BROWSE INCDIR(.\lib;.\IIC;.\OLED) DEBUG OBJECTEXTEND PR
                    -INT(.\Listings\main.lst) TABS(2) OBJECT(.\Objects\main.obj)

line level    source

   1          #include "reg52.h"
   2          #include <intrins.h>
   3          #include <delay.h>
   4          #include <uart.h>
   5          #include "oled.h"
   6          #include <main.h>
   7          
   8          uchar recv;
   9          int p=0;
  10          
  11          void main()
  12          {
  13   1        OLED_Init();      //ġõÊỳṠŸOLED  
  14   1        OLED_Clear();
  15   1        EX0=1;
  16   1        IT0=1;
  17   1        EX1=1;
  18   1        IT1=1;
  19   1        EA=1;
  20   1        while(1)
  21   1        {   
  22   2          if(p>0)
  23   2          { OLED_Clear();
  24   3            BEEP=LED1=LED2=LED3=LED4=1;
  25   3            OLED_ShowCHinese(36+10,0,5);
  26   3            OLED_ShowCHinese(54+10,0,6);
  27   3            Delay_xms(500);
  28   3          }
  29   2          else
  30   2          {
  31   3            if(SUN==0)
  32   3            {
  33   4              BEEP=0;
  34   4              LED4=0;
  35   4              LED3=0;
  36   4              LED2=0;
  37   4              LED1=0;
  38   4            }
  39   3            else
  40   3            { 
  41   4              BEEP=1;
  42   4              LED4=1;
  43   4              LED3=1;
  44   4              LED2=1;
  45   4              LED1=1;
  46   4            }
  47   3            
  48   3            if(BEEP==0)
  49   3            {
  50   4              OLED_ShowCHinese(0+10,0,0);
  51   4              OLED_ShowCHinese(18+10,0,1);
  52   4              OLED_ShowCHinese(36+10,0,2);
  53   4              OLED_ShowCHinese(54+10,0,3);
  54   4              OLED_ShowCHinese(72+10,0,4);
C51 COMPILER V9.52.0.0   MAIN                                                              05/11/2026 15:49:25 PAGE 2   

  55   4      
  56   4              OLED_ShowString(48,6,"LEVEL:4",16);//ÏÔÊẅASCIIṪÖṖû   
  57   4              
  58   4              Delay_xms(1000);
  59   4            }
  60   3            else{OLED_Clear();}
  61   3          }
  62   2        }
  63   1       
  64   1      }
  65          
  66          void EX0_Routine() interrupt 0
  67          {
  68   1        p++;
  69   1      }
  70          
  71          void EX1_Routine() interrupt 2
  72          {
  73   1        p=0;
  74   1      }
  75          


MODULE INFORMATION:   STATIC OVERLAYABLE
   CODE SIZE        =    190    ----
   CONSTANT SIZE    =      8    ----
   XDATA SIZE       =   ----    ----
   PDATA SIZE       =   ----    ----
   DATA SIZE        =      3    ----
   IDATA SIZE       =   ----    ----
   BIT SIZE         =   ----    ----
END OF MODULE INFORMATION.


C51 COMPILATION COMPLETE.  0 WARNING(S),  0 ERROR(S)
