C51 COMPILER V9.52.0.0   UART                                                              05/11/2026 15:49:25 PAGE 1   


C51 COMPILER V9.52.0.0, COMPILATION OF MODULE UART
OBJECT MODULE PLACED IN .\Objects\uart.obj
COMPILER INVOKED BY: D:\51_KELIVdanpianji\C51\BIN\C51.EXE lib\uart.c BROWSE INCDIR(.\lib;.\IIC;.\OLED) DEBUG OBJECTEXTEN
                    -D PRINT(.\Listings\uart.lst) TABS(2) OBJECT(.\Objects\uart.obj)

line level    source

   1          #include <uart.h>
   2          #include "reg52.h"
   3          
   4          void UART_send(uchar send_byte)
   5          {
   6   1        SBUF=send_byte;
   7   1        while(TI==0);
   8   1        TI=0;
   9   1      }
  10          
  11          void UART_str(uchar *uart_str)
  12          {
  13   1        while(*uart_str!='\0')
  14   1        {
  15   2          UART_send(*uart_str++);
  16   2        }
  17   1      }
  18          
  19          void UART_INit()
  20          {
  21   1        SCON=0x50;
  22   1        TCON&=0x7f;
  23   1        TMOD&=0x0f;
  24   1        TMOD|=0x20;
  25   1        TL1=0xFD;
  26   1        TH1=0xFD;
  27   1        TR1=1;
  28   1      }


MODULE INFORMATION:   STATIC OVERLAYABLE
   CODE SIZE        =     66    ----
   CONSTANT SIZE    =   ----    ----
   XDATA SIZE       =   ----    ----
   PDATA SIZE       =   ----    ----
   DATA SIZE        =   ----       3
   IDATA SIZE       =   ----    ----
   BIT SIZE         =   ----    ----
END OF MODULE INFORMATION.


C51 COMPILATION COMPLETE.  0 WARNING(S),  0 ERROR(S)
